<?xml version="1.0" encoding="UTF-8"?><testsuite errors="0" failures="0" name="As a user I would like to verify to CRUD operation of the application" skipped="0" tests="5" time="14.75" timestamp="2022-06-18T22:59:36.569+02:00[Europe/Paris]"><testcase name="I create a new user on the application"/><testcase name="I read a newly created user from the application"/><testcase name="I update a newly created user on the application"/><testcase name="I delete a newly created user from the application"/><testcase name="I get all users from the application"/></testsuite>